<?xml version="1.0" encoding="UTF-8"?>
<!-- Generated by org.testng.reporters.JUnitXMLReporter -->
<testsuite ignored="2" hostname="Bichu" failures="0" tests="3" name="sampletest" time="21.834" errors="0" timestamp="2022-11-28T20:23:57 IST">
  <testcase classname="com.supermarket.tests.LoginTest" name="VerifyRememberMeCheckBoxText" time="0.131"/>
  <testcase classname="com.supermarket.tests.LoginTest" name="verifyStafLoginFunctionality" time="2.81"/>
  <testcase classname="com.supermarket.tests.ManagePagesTest" name="verifyAddPages" time="4.692"/>
  <testcase classname="com.supermarket.tests.LoginTest" name="verifylogin" time="0.0">
    <ignored/>
  </testcase> <!-- verifylogin -->
  <testcase classname="com.supermarket.tests.LoginTest" name="verifyInvalidloginAlertMessage" time="0.0">
    <ignored/>
  </testcase> <!-- verifyInvalidloginAlertMessage -->
</testsuite> <!-- sampletest -->
