<?xml version="1.0" encoding="UTF-8"?>
<!-- Generated by org.testng.reporters.JUnitXMLReporter -->
<testsuite hostname="Bichu" ignored="2" name="Default test" tests="1" failures="0" timestamp="2022-11-30T19:47:22 IST" time="6.885" errors="0">
  <testcase name="verifySearchUsingName" time="2.657" classname="com.supermarket.tests.ManageDeliveryBoyTest"/>
  <testcase name="verifyCancelButtonChecking" time="0.0" classname="com.supermarket.tests.ManageDeliveryBoyTest">
    <ignored/>
  </testcase> <!-- verifyCancelButtonChecking -->
  <testcase name="verifyCreateNewDeliveryBoy" time="0.0" classname="com.supermarket.tests.ManageDeliveryBoyTest">
    <ignored/>
  </testcase> <!-- verifyCreateNewDeliveryBoy -->
</testsuite> <!-- Default test -->
