<?xml version="1.0" encoding="UTF-8"?>
<!-- Generated by org.testng.reporters.JUnitXMLReporter -->
<testsuite ignored="0" hostname="Bichu" failures="1" tests="4" name="feature1" time="26.54" errors="0" timestamp="2022-11-25T20:45:32 IST">
  <testcase classname="com.supermarket.tests.Home_PageTests" name="verifyFirstMenuItemName" time="1.602"/>
  <testcase classname="com.supermarket.tests.AdminUserstest" name="verifyCreateUser" time="4.423"/>
  <testcase classname="com.supermarket.tests.AdminUserstest" name="verifyEditUser" time="1.815">
    <failure type="java.lang.NullPointerException" message="Cannot invoke &amp;quot;com.supermarket.utilities.GeneralUtilities.get_TextofElement(String)&amp;quot; because &amp;quot;this.generalutilities&amp;quot; is null">
      <![CDATA[java.lang.NullPointerException: Cannot invoke "com.supermarket.utilities.GeneralUtilities.get_TextofElement(String)" because "this.generalutilities" is null
at com.supermarket.pages.Admin_Users.editUser(Admin_Users.java:83)
at com.supermarket.tests.AdminUserstest.verifyEditUser(AdminUserstest.java:40)
at java.base/java.util.concurrent.ThreadPoolExecutor.runWorker(ThreadPoolExecutor.java:1136)
at java.base/java.util.concurrent.ThreadPoolExecutor$Worker.run(ThreadPoolExecutor.java:635)
at java.base/java.lang.Thread.run(Thread.java:833)
... Removed 12 stack frames]]>
    </failure>
  </testcase> <!-- verifyEditUser -->
  <testcase classname="com.supermarket.tests.AdminUserstest" name="verifySearchUser" time="3.453"/>
</testsuite> <!-- feature1 -->
