<?xml version="1.0" encoding="UTF-8"?>
<testng-results skipped="0" failed="0" ignored="2" total="3" passed="1">
  <reporter-output>
  </reporter-output>
  <suite name="Default suite" duration-ms="6885" started-at="2022-11-30T19:47:15 IST" finished-at="2022-11-30T19:47:22 IST">
    <groups>
    </groups>
    <test name="Default test" duration-ms="6885" started-at="2022-11-30T19:47:15 IST" finished-at="2022-11-30T19:47:22 IST">
      <class name="com.supermarket.tests.ManageDeliveryBoyTest">
        <test-method status="PASS" signature="Setup()[pri:0, instance:com.supermarket.tests.ManageDeliveryBoyTest@481a15ff]" name="Setup" is-config="true" duration-ms="4171" started-at="2022-11-30T19:47:15 IST" finished-at="2022-11-30T19:47:19 IST">
          <reporter-output>
          </reporter-output>
        </test-method> <!-- Setup -->
        <test-method status="PASS" signature="verifySearchUsingName()[pri:1, instance:com.supermarket.tests.ManageDeliveryBoyTest@481a15ff]" name="verifySearchUsingName" duration-ms="2657" started-at="2022-11-30T19:47:19 IST" finished-at="2022-11-30T19:47:22 IST">
          <reporter-output>
          </reporter-output>
        </test-method> <!-- verifySearchUsingName -->
        <test-method status="PASS" signature="tearDown(org.testng.ITestResult)[pri:0, instance:com.supermarket.tests.ManageDeliveryBoyTest@481a15ff]" name="tearDown" is-config="true" duration-ms="2" started-at="2022-11-30T19:47:22 IST" finished-at="2022-11-30T19:47:22 IST">
          <params>
            <param index="0">
              <value>
                <![CDATA[[TestResult name=verifySearchUsingName status=SUCCESS method=ManageDeliveryBoyTest.verifySearchUsingName()[pri:1, instance:com.supermarket.tests.ManageDeliveryBoyTest@481a15ff] output={null}]]]>
              </value>
            </param>
          </params>
          <reporter-output>
          </reporter-output>
        </test-method> <!-- tearDown -->
      </class> <!-- com.supermarket.tests.ManageDeliveryBoyTest -->
    </test> <!-- Default test -->
  </suite> <!-- Default suite -->
</testng-results>
